-i "C:\Users\Chenhui\Documents\计算机图像处理\实验四\car.mp4" -vcodec mjpeg -vframes 1 -an -f rawvideo -ss 00:00:00.1000000 "C:\Users\Chenhui\Documents\计算机图像处理\实验四\car.jpg"
ffmpeg version N-40126-ga4b58fd Copyright (c) 2000-2012 the FFmpeg developers
  built on Apr 26 2012 03:29:50 with gcc 4.6.3
  configuration: --enable-gpl --enable-version3 --disable-w32threads --enable-runtime-cpudetect --enable-avisynth --enable-bzlib --enable-frei0r --enable-libass --enable-libcelt --enable-libopencore-amrnb --enable-libopencore-amrwb --enable-libfreetype --enable-libgsm --enable-libmp3lame --enable-libnut --enable-libopenjpeg --enable-librtmp --enable-libschroedinger --enable-libspeex --enable-libtheora --enable-libutvideo --enable-libvo-aacenc --enable-libvo-amrwbenc --enable-libvorbis --enable-libvpx --enable-libx264 --enable-libxavs --enable-libxvid --enable-zlib
  libavutil      51. 47.100 / 51. 47.100
  libavcodec     54. 15.100 / 54. 15.100
  libavformat    54.  3.100 / 54.  3.100
  libavdevice    53.  4.100 / 53.  4.100
  libavfilter     2. 72.100 /  2. 72.100
  libswscale      2.  1.100 /  2.  1.100
  libswresample   0. 11.100 /  0. 11.100
  libpostproc    52.  0.100 / 52.  0.100
Input #0, mov,mp4,m4a,3gp,3g2,mj2, from 'C:\Users\Chenhui\Documents\璁＄畻鏈哄浘鍍忓鐞哱瀹為獙鍥沑car.mp4':
  Metadata:
    major_brand     : isom
    minor_version   : 512
    compatible_brands: isomiso2avc1mp41
    encoder         : Lavf56.15.102
  Duration: 00:01:43.03, start: 0.000000, bitrate: 258 kb/s
    Stream #0:0(und): Video: h264 (High) (avc1 / 0x31637661), yuv420p, 512x288 [SAR 1:1 DAR 16:9], 256 kb/s, 15.17 fps, 15.17 tbr, 12136 tbn, 30.34 tbc
    Metadata:
      handler_name    : VideoHandler
Invalid duration specification for ss: 00:00:00.1000000
