Added Component: Designator=P1(HDR1X2)
Add component. Clean all parameters for all variants
Add component (AddParameter): Name = "LatestRevisionDate"; Value = "17-Jul-2002"; VariantName = "[No Variations]"
Add component (AddParameter): Name = "LatestRevisionNote"; Value = "Re-released for DXP Platform."; VariantName = "[No Variations]"
Add component (AddParameter): Name = "Publisher"; Value = "Altium Limited"; VariantName = "[No Variations]"
Added Component: Designator=P2(HDR1X2)
Add component. Clean all parameters for all variants
Add component (AddParameter): Name = "LatestRevisionDate"; Value = "17-Jul-2002"; VariantName = "[No Variations]"
Add component (AddParameter): Name = "LatestRevisionNote"; Value = "Re-released for DXP Platform."; VariantName = "[No Variations]"
Add component (AddParameter): Name = "Publisher"; Value = "Altium Limited"; VariantName = "[No Variations]"
Added Component: Designator=P3(HDR1X2)
Add component. Clean all parameters for all variants
Add component (AddParameter): Name = "LatestRevisionDate"; Value = "17-Jul-2002"; VariantName = "[No Variations]"
Add component (AddParameter): Name = "LatestRevisionNote"; Value = "Re-released for DXP Platform."; VariantName = "[No Variations]"
Add component (AddParameter): Name = "Publisher"; Value = "Altium Limited"; VariantName = "[No Variations]"
Added Component: Designator=P4(HDR1X2)
Add component. Clean all parameters for all variants
Add component (AddParameter): Name = "LatestRevisionDate"; Value = "17-Jul-2002"; VariantName = "[No Variations]"
Add component (AddParameter): Name = "LatestRevisionNote"; Value = "Re-released for DXP Platform."; VariantName = "[No Variations]"
Add component (AddParameter): Name = "Publisher"; Value = "Altium Limited"; VariantName = "[No Variations]"
Added Component: Designator=P5(HDR1X2)
Add component. Clean all parameters for all variants
Add component (AddParameter): Name = "LatestRevisionDate"; Value = "17-Jul-2002"; VariantName = "[No Variations]"
Add component (AddParameter): Name = "LatestRevisionNote"; Value = "Re-released for DXP Platform."; VariantName = "[No Variations]"
Add component (AddParameter): Name = "Publisher"; Value = "Altium Limited"; VariantName = "[No Variations]"
Added Pin To Net: NetName=GND Pin=P1-2
Added Pin To Net: NetName=GND Pin=P2-1
Added Pin To Net: NetName=GND Pin=P3-2
Added Pin To Net: NetName=GND Pin=P4-2
Added Pin To Net: NetName=GND Pin=P5-2
Added Net: Name=GND
Added Net: Name=NetC1_2
Added Net: Name=NetC2_2
Added Net: Name=NetC3_2
Added Net: Name=NetC5_2
Added Net: Name=NetC6_2
Added Net: Name=NetC7_1
Added Net: Name=NetC8_1
Added Net: Name=NetC8_2
Added Net: Name=NetC9_2
Added Net: Name=NetC10_2
Added Net: Name=NetC11_2
Added Net: Name=Netlabel1
Added Net: Name=NetR1_1
Added Net: Name=NetR1_2
Added Net: Name=NetR2_1
Added Net: Name=NetR4_2
Added Net: Name=NetR5_1
Added Net: Name=NetR6_2
Added Net: Name=NetR14_2
Added Net: Name=NetR16_2
Added Net: Name=NetR20_1
Added Net: Name=NetR21_1
Added Net: Name=NetR22_2
Added Net: Name=NetR22_3
Added Net: Name=NetR23_2
Added Net: Name=NetR23_3
Added Net: Name=OUT1A
Added Pin To Net: NetName=OUT1 Pin=P2-2
Added Net: Name=OUT1
Added Net: Name=OUT2A
Added Pin To Net: NetName=OUT2 Pin=P4-1
Added Net: Name=OUT2
Added Pin To Net: NetName=OUT3 Pin=P3-1
Added Net: Name=OUT3
Added Net: Name=OUT4A
Added Pin To Net: NetName=OUT4 Pin=P1-1
Added Net: Name=OUT4
Added Net: Name=V0
Added Pin To Net: NetName=VCC Pin=P5-1
Added Net: Name=VCC
Added Class: Name=习题二
Added Room: Name=习题二
