Added Component: Designator=C1(C-RB-5.0/10)
Added Component: Designator=C2(RAD-0.3)
Added Component: Designator=C3(LC-CASE-C_6032)
Added Component: Designator=C4(LC-CASE-C_6032)
Added Component: Designator=C5(RAD-0.3)
Added Component: Designator=C6(RAD-0.3)
Added Component: Designator=C7(RAD-0.3)
Added Component: Designator=C8(LC-CASE-C_6032)
Added Component: Designator=C9(LC-CASE-C_6032)
Added Component: Designator=C10(RAD-0.3)
Added Component: Designator=C11(RAD-0.3)
Added Component: Designator=P1(HDR1X2)
Added Component: Designator=P2(HDR1X2)
Added Component: Designator=P3(HDR1X2)
Added Component: Designator=P4(HDR1X2)
Added Component: Designator=P5(HDR1X2)
Added Component: Designator=R1(LC-0805_R)
Added Component: Designator=R2(LC-0805_R)
Added Component: Designator=R3(电位器)
Added Component: Designator=R4(LC-0805_R)
Added Component: Designator=R5(LC-0805_R)
Added Component: Designator=R6(电位器)
Added Component: Designator=R7(LC-0805_R)
Added Component: Designator=R8(LC-0805_R)
Added Component: Designator=R9(LC-0805_R)
Added Component: Designator=R10(LC-0805_R)
Added Component: Designator=R11(电位器)
Added Component: Designator=R12(LC-0805_R)
Added Component: Designator=R13(LC-0805_R)
Added Component: Designator=R14(LC-0805_R)
Added Component: Designator=R15(电位器)
Added Component: Designator=R16(LC-0805_R)
Added Component: Designator=R17(电位器)
Added Component: Designator=R18(电位器)
Added Component: Designator=R19(LC-0805_R)
Added Component: Designator=R20(LC-0805_R)
Added Component: Designator=R21(LC-0805_R)
Added Component: Designator=R22(电位器)
Added Component: Designator=R23(电位器)
Added Component: Designator=R24(LC-0805_R)
Added Component: Designator=R25(LC-0805_R)
Added Component: Designator=R26(LC-0805_R)
Added Component: Designator=R27(LC-0805_R)
Added Component: Designator=R28(LC-0805_R)
Added Component: Designator=R29(LC-0805_R)
Added Component: Designator=R30(电位器)
Added Component: Designator=R31(电位器)
Added Component: Designator=R32(LC-0805_R)
Added Component: Designator=R33(LC-0805_R)
Added Component: Designator=U1(SO14_N)
Added Component: Designator=U2(D008_N)
Added Pin To Net: NetName=GND Pin=C2-1
Added Pin To Net: NetName=GND Pin=C4-2
Added Pin To Net: NetName=GND Pin=C11-1
Added Pin To Net: NetName=GND Pin=P1-2
Added Pin To Net: NetName=GND Pin=P2-1
Added Pin To Net: NetName=GND Pin=P3-2
Added Pin To Net: NetName=GND Pin=P4-2
Added Pin To Net: NetName=GND Pin=P5-2
Added Pin To Net: NetName=GND Pin=R11-2
Added Pin To Net: NetName=GND Pin=R12-1
Added Pin To Net: NetName=GND Pin=R13-1
Added Pin To Net: NetName=GND Pin=R18-1
Added Pin To Net: NetName=GND Pin=R19-1
Added Pin To Net: NetName=GND Pin=R29-1
Added Pin To Net: NetName=GND Pin=R30-2
Added Pin To Net: NetName=GND Pin=R31-2
Added Pin To Net: NetName=GND Pin=R32-1
Added Pin To Net: NetName=GND Pin=R33-1
Added Pin To Net: NetName=GND Pin=U1-11
Added Pin To Net: NetName=GND Pin=U2-1
Added Net: Name=GND
Added Pin To Net: NetName=NetC1_2 Pin=C1-2
Added Pin To Net: NetName=NetC1_2 Pin=R11-1
Added Net: Name=NetC1_2
Added Pin To Net: NetName=NetC2_2 Pin=C2-2
Added Pin To Net: NetName=NetC2_2 Pin=U2-5
Added Net: Name=NetC2_2
Added Pin To Net: NetName=NetC3_2 Pin=C3-2
Added Pin To Net: NetName=NetC3_2 Pin=R18-2
Added Net: Name=NetC3_2
Added Pin To Net: NetName=NetC5_1 Pin=C5-1
Added Pin To Net: NetName=NetC5_1 Pin=R8-1
Added Pin To Net: NetName=NetC5_1 Pin=R14-1
Added Net: Name=NetC5_1
Added Pin To Net: NetName=NetC5_2 Pin=C5-2
Added Pin To Net: NetName=NetC5_2 Pin=C6-1
Added Pin To Net: NetName=NetC5_2 Pin=R15-1
Added Pin To Net: NetName=NetC5_2 Pin=R15-3
Added Pin To Net: NetName=NetC5_2 Pin=U1-3
Added Net: Name=NetC5_2
Added Pin To Net: NetName=NetC6_2 Pin=C6-2
Added Pin To Net: NetName=NetC6_2 Pin=R16-1
Added Net: Name=NetC6_2
Added Pin To Net: NetName=NetC7_1 Pin=C7-1
Added Pin To Net: NetName=NetC7_1 Pin=R24-2
Added Pin To Net: NetName=NetC7_1 Pin=R25-2
Added Pin To Net: NetName=NetC7_1 Pin=U1-13
Added Net: Name=NetC7_1
Added Pin To Net: NetName=NetC8_1 Pin=C8-1
Added Pin To Net: NetName=NetC8_1 Pin=C10-1
Added Pin To Net: NetName=NetC8_1 Pin=U1-8
Added Pin To Net: NetName=NetC8_1 Pin=U1-9
Added Net: Name=NetC8_1
Added Pin To Net: NetName=NetC8_2 Pin=C8-2
Added Pin To Net: NetName=NetC8_2 Pin=R30-1
Added Net: Name=NetC8_2
Added Pin To Net: NetName=NetC9_2 Pin=C9-2
Added Pin To Net: NetName=NetC9_2 Pin=R31-1
Added Net: Name=NetC9_2
Added Pin To Net: NetName=NetC10_2 Pin=C10-2
Added Pin To Net: NetName=NetC10_2 Pin=R26-2
Added Pin To Net: NetName=NetC10_2 Pin=R27-1
Added Net: Name=NetC10_2
Added Pin To Net: NetName=NetC11_2 Pin=C11-2
Added Pin To Net: NetName=NetC11_2 Pin=R27-2
Added Pin To Net: NetName=NetC11_2 Pin=U1-10
Added Net: Name=NetC11_2
Added Pin To Net: NetName=NetR1_1 Pin=R1-1
Added Pin To Net: NetName=NetR1_1 Pin=R8-2
Added Pin To Net: NetName=NetR1_1 Pin=U1-2
Added Net: Name=NetR1_1
Added Pin To Net: NetName=NetR1_2 Pin=R1-2
Added Pin To Net: NetName=NetR1_2 Pin=R3-1
Added Net: Name=NetR1_2
Added Pin To Net: NetName=NetR2_1 Pin=R2-1
Added Pin To Net: NetName=NetR2_1 Pin=R5-2
Added Pin To Net: NetName=NetR2_1 Pin=R9-2
Added Pin To Net: NetName=NetR2_1 Pin=U1-6
Added Net: Name=NetR2_1
Added Pin To Net: NetName=NetR2_2 Pin=R2-2
Added Pin To Net: NetName=NetR2_2 Pin=U1-7
Added Pin To Net: NetName=NetR2_2 Pin=U2-2
Added Pin To Net: NetName=NetR2_2 Pin=U2-6
Added Net: Name=NetR2_2
Added Pin To Net: NetName=NetR4_2 Pin=R4-2
Added Pin To Net: NetName=NetR4_2 Pin=R6-1
Added Net: Name=NetR4_2
Added Pin To Net: NetName=NetR5_1 Pin=R5-1
Added Pin To Net: NetName=NetR5_1 Pin=R6-3
Added Net: Name=NetR5_1
Added Pin To Net: NetName=NetR6_2 Pin=R6-2
Added Pin To Net: NetName=NetR6_2 Pin=R7-2
Added Net: Name=NetR6_2
Added Pin To Net: NetName=NetR14_2 Pin=R14-2
Added Pin To Net: NetName=NetR14_2 Pin=R15-2
Added Net: Name=NetR14_2
Added Pin To Net: NetName=NetR16_2 Pin=R16-2
Added Pin To Net: NetName=NetR16_2 Pin=R17-2
Added Net: Name=NetR16_2
Added Pin To Net: NetName=NetR20_1 Pin=R20-1
Added Pin To Net: NetName=NetR20_1 Pin=R22-1
Added Net: Name=NetR20_1
Added Pin To Net: NetName=NetR21_1 Pin=R21-1
Added Pin To Net: NetName=NetR21_1 Pin=R23-1
Added Net: Name=NetR21_1
Added Pin To Net: NetName=NetR22_2 Pin=R22-2
Added Pin To Net: NetName=NetR22_2 Pin=R28-2
Added Net: Name=NetR22_2
Added Pin To Net: NetName=NetR22_3 Pin=R22-3
Added Pin To Net: NetName=NetR22_3 Pin=R25-1
Added Net: Name=NetR22_3
Added Pin To Net: NetName=NetR23_2 Pin=R23-2
Added Pin To Net: NetName=NetR23_2 Pin=R29-2
Added Net: Name=NetR23_2
Added Pin To Net: NetName=NetR23_3 Pin=R23-3
Added Pin To Net: NetName=NetR23_3 Pin=R24-1
Added Net: Name=NetR23_3
Added Pin To Net: NetName=OUT1A Pin=C3-1
Added Pin To Net: NetName=OUT1A Pin=R20-2
Added Pin To Net: NetName=OUT1A Pin=U2-3
Added Net: Name=OUT1A
Added Pin To Net: NetName=OUT1 Pin=P2-2
Added Pin To Net: NetName=OUT1 Pin=R18-3
Added Pin To Net: NetName=OUT1 Pin=R19-2
Added Net: Name=OUT1
Added Pin To Net: NetName=OUT2A Pin=C7-2
Added Pin To Net: NetName=OUT2A Pin=C9-1
Added Pin To Net: NetName=OUT2A Pin=R9-1
Added Pin To Net: NetName=OUT2A Pin=R26-1
Added Pin To Net: NetName=OUT2A Pin=U1-14
Added Net: Name=OUT2A
Added Pin To Net: NetName=OUT2 Pin=P4-1
Added Pin To Net: NetName=OUT2 Pin=R31-3
Added Pin To Net: NetName=OUT2 Pin=R33-2
Added Net: Name=OUT2
Added Pin To Net: NetName=OUT3 Pin=P3-1
Added Pin To Net: NetName=OUT3 Pin=R30-3
Added Pin To Net: NetName=OUT3 Pin=R32-2
Added Net: Name=OUT3
Added Pin To Net: NetName=OUT4A Pin=C1-1
Added Pin To Net: NetName=OUT4A Pin=R3-2
Added Pin To Net: NetName=OUT4A Pin=R3-3
Added Pin To Net: NetName=OUT4A Pin=R4-1
Added Pin To Net: NetName=OUT4A Pin=R17-1
Added Pin To Net: NetName=OUT4A Pin=R17-3
Added Pin To Net: NetName=OUT4A Pin=U1-1
Added Net: Name=OUT4A
Added Pin To Net: NetName=OUT4 Pin=P1-1
Added Pin To Net: NetName=OUT4 Pin=R11-3
Added Pin To Net: NetName=OUT4 Pin=R13-2
Added Net: Name=OUT4
Added Pin To Net: NetName=V0 Pin=C4-1
Added Pin To Net: NetName=V0 Pin=R7-1
Added Pin To Net: NetName=V0 Pin=R10-1
Added Pin To Net: NetName=V0 Pin=R12-2
Added Pin To Net: NetName=V0 Pin=R28-1
Added Pin To Net: NetName=V0 Pin=U1-5
Added Pin To Net: NetName=V0 Pin=U1-12
Added Net: Name=V0
Added Pin To Net: NetName=VCC Pin=P5-1
Added Pin To Net: NetName=VCC Pin=R10-2
Added Pin To Net: NetName=VCC Pin=R21-2
Added Pin To Net: NetName=VCC Pin=U1-4
Added Pin To Net: NetName=VCC Pin=U2-4
Added Pin To Net: NetName=VCC Pin=U2-8
Added Net: Name=VCC
Added Class: Name=习题二
Added Room: Name=习题二
