Replace Part 5Vpos VSRC in C:\Users\Chenhui\Documents\电子线路CAD\作业1\跑马灯.SchDoc with VSRC from Simulation Sources.IntLib
Replace Part C1 Cap Pol2 in C:\Users\Chenhui\Documents\电子线路CAD\作业1\跑马灯.SchDoc with Cap Pol2 from Miscellaneous Devices.IntLib
Replace Part C2 Cap Pol2 in C:\Users\Chenhui\Documents\电子线路CAD\作业1\跑马灯.SchDoc with Cap Pol2 from Miscellaneous Devices.IntLib
Replace Part C3 Cap Pol2 in C:\Users\Chenhui\Documents\电子线路CAD\作业1\跑马灯.SchDoc with Cap Pol2 from Miscellaneous Devices.IntLib
Replace Part D1 LED0 in C:\Users\Chenhui\Documents\电子线路CAD\作业1\跑马灯.SchDoc with LED0 from Miscellaneous Devices.IntLib
Replace Part D2 LED0 in C:\Users\Chenhui\Documents\电子线路CAD\作业1\跑马灯.SchDoc with LED0 from Miscellaneous Devices.IntLib
Replace Part D3 LED0 in C:\Users\Chenhui\Documents\电子线路CAD\作业1\跑马灯.SchDoc with LED0 from Miscellaneous Devices.IntLib
Replace Part P1 Header 2 in C:\Users\Chenhui\Documents\电子线路CAD\作业1\跑马灯.SchDoc with Header 2 from Miscellaneous Connectors.IntLib
Replace Part Q1 2N3904 in C:\Users\Chenhui\Documents\电子线路CAD\作业1\跑马灯.SchDoc with 2N3904 from Miscellaneous Devices.IntLib
Replace Part Q2 2N3904 in C:\Users\Chenhui\Documents\电子线路CAD\作业1\跑马灯.SchDoc with 2N3904 from Miscellaneous Devices.IntLib
Replace Part Q3 2N3904 in C:\Users\Chenhui\Documents\电子线路CAD\作业1\跑马灯.SchDoc with 2N3904 from Miscellaneous Devices.IntLib
Replace Part R1 Res2 in C:\Users\Chenhui\Documents\电子线路CAD\作业1\跑马灯.SchDoc with Res2 from Miscellaneous Devices.IntLib
Replace Part R2 Res2 in C:\Users\Chenhui\Documents\电子线路CAD\作业1\跑马灯.SchDoc with Res2 from Miscellaneous Devices.IntLib
Replace Part R3 Res2 in C:\Users\Chenhui\Documents\电子线路CAD\作业1\跑马灯.SchDoc with Res2 from Miscellaneous Devices.IntLib
Replace Part R4 Res2 in C:\Users\Chenhui\Documents\电子线路CAD\作业1\跑马灯.SchDoc with Res2 from Miscellaneous Devices.IntLib
Replace Part R5 Res2 in C:\Users\Chenhui\Documents\电子线路CAD\作业1\跑马灯.SchDoc with Res2 from Miscellaneous Devices.IntLib
Replace Part R6 Res2 in C:\Users\Chenhui\Documents\电子线路CAD\作业1\跑马灯.SchDoc with Res2 from Miscellaneous Devices.IntLib
Replace Part R7 Res2 in C:\Users\Chenhui\Documents\电子线路CAD\作业1\跑马灯.SchDoc with Res2 from Miscellaneous Devices.IntLib
Replace Part R8 Res2 in C:\Users\Chenhui\Documents\电子线路CAD\作业1\跑马灯.SchDoc with Res2 from Miscellaneous Devices.IntLib
Replace Part R9 Res2 in C:\Users\Chenhui\Documents\电子线路CAD\作业1\跑马灯.SchDoc with Res2 from Miscellaneous Devices.IntLib
